----------

Fri Jan 10 2020 22:48:20 GMT+0100 (CET)

error: RPC failed; curl 56 LibreSSL SSL_read: SSL_ERROR_SYSCALL, errno 60
fatal: the remote end hung up unexpectedly


----------

Fri Jan 10 2020 22:48:20 GMT+0100 (CET)

fatal: the remote end hung up unexpectedly


----------

Fri Jan 10 2020 22:48:20 GMT+0100 (CET)

Everything up-to-date


----------

Sat Jan 11 2020 16:10:20 GMT+0100 (CET)

To https://github.com/matssteinweg/matssteinweg.github.io.git
   8fbc325..2e80152  master -> master


----------

Sat Jan 11 2020 16:26:17 GMT+0100 (CET)

To https://github.com/matssteinweg/matssteinweg.github.io.git
   2e80152..220d04b  master -> master


----------

Mon Feb 10 2020 23:31:28 GMT+0100 (CET)

To https://github.com/matssteinweg/matssteinweg.github.io.git
   5dcb8db..6a52285  master -> master


----------

Mon Feb 10 2020 23:44:59 GMT+0100 (CET)

To https://github.com/matssteinweg/matssteinweg.github.io.git
   6a52285..4ebc1a8  master -> master


----------

Tue Feb 11 2020 00:25:21 GMT+0100 (CET)

To https://github.com/matssteinweg/matssteinweg.github.io.git
   4ebc1a8..807ffa6  master -> master


----------

Wed Feb 12 2020 20:05:16 GMT+0100 (CET)

To https://github.com/matssteinweg/matssteinweg.github.io.git
   807ffa6..8ecb765  master -> master


----------

Wed Feb 12 2020 20:40:06 GMT+0100 (CET)

To https://github.com/matssteinweg/matssteinweg.github.io.git
   8ecb765..5db8758  master -> master


----------

Wed Feb 12 2020 20:48:16 GMT+0100 (CET)

To https://github.com/matssteinweg/matssteinweg.github.io.git
   5db8758..9d25c8c  master -> master


----------

Wed Feb 12 2020 20:50:17 GMT+0100 (CET)

To https://github.com/matssteinweg/matssteinweg.github.io.git
   9d25c8c..acaa074  master -> master


----------

Wed Feb 12 2020 20:51:56 GMT+0100 (CET)

To https://github.com/matssteinweg/matssteinweg.github.io.git
   acaa074..d6d4a7e  master -> master


----------

Wed Feb 12 2020 20:55:31 GMT+0100 (CET)

To https://github.com/matssteinweg/matssteinweg.github.io.git
   d6d4a7e..b2c01cc  master -> master


----------

Wed Feb 12 2020 21:16:26 GMT+0100 (CET)

To https://github.com/matssteinweg/matssteinweg.github.io.git
   b2c01cc..8c873a4  master -> master


----------

Wed Feb 12 2020 21:23:25 GMT+0100 (CET)

To https://github.com/matssteinweg/matssteinweg.github.io.git
   8c873a4..b5ea67b  master -> master


----------

Wed Feb 12 2020 22:11:03 GMT+0100 (CET)

To https://github.com/matssteinweg/matssteinweg.github.io.git
   b5ea67b..72d69fd  master -> master


----------

Wed Feb 12 2020 22:24:11 GMT+0100 (CET)

To https://github.com/matssteinweg/matssteinweg.github.io.git
   72d69fd..566b962  master -> master


----------

Wed Feb 12 2020 22:31:36 GMT+0100 (CET)

To https://github.com/matssteinweg/matssteinweg.github.io.git
   566b962..53690ce  master -> master


----------

Fri Feb 14 2020 23:21:03 GMT+0100 (CET)

To https://github.com/matssteinweg/matssteinweg.github.io.git
   d274bac..d00d867  master -> master


